  [4;36;1mSQL (0.1ms)[0m   [0;1mSET NAMES 'utf8'[0m
  [4;35;1mSQL (0.1ms)[0m   [0mSET SQL_AUTO_IS_NULL=0[0m


Processing ApplicationController#index (for 127.0.0.1 at 2010-08-14 11:40:51) [GET]

ActionController::RoutingError (No route matches "/" with {:method=>:get}):
  

Rendering rescues/layout (not_found)
  [4;36;1mSQL (0.1ms)[0m   [0;1mSET NAMES 'utf8'[0m
  [4;35;1mSQL (0.1ms)[0m   [0mSET SQL_AUTO_IS_NULL=0[0m


Processing PagesController#index (for 127.0.0.1 at 2010-08-14 11:41:09) [GET]
Rendering pages/index
Completed in 58ms (View: 57, DB: 0) | 200 OK [http://localhost/]
  [4;36;1mSQL (0.1ms)[0m   [0;1mSET NAMES 'utf8'[0m
  [4;35;1mSQL (0.1ms)[0m   [0mSET SQL_AUTO_IS_NULL=0[0m


Processing PagesController#index (for 127.0.0.1 at 2010-08-14 11:43:46) [GET]
Rendering pages/index
Completed in 6ms (View: 5, DB: 0) | 200 OK [http://localhost/]
  [4;36;1mSQL (0.2ms)[0m   [0;1mSET NAMES 'utf8'[0m
  [4;35;1mSQL (0.1ms)[0m   [0mSET SQL_AUTO_IS_NULL=0[0m


Processing PagesController#index (for 127.0.0.1 at 2010-08-14 11:44:24) [GET]
Rendering pages/index
Completed in 5ms (View: 4, DB: 0) | 200 OK [http://localhost/]
  [4;36;1mSQL (0.1ms)[0m   [0;1mSET NAMES 'utf8'[0m
  [4;35;1mSQL (0.1ms)[0m   [0mSET SQL_AUTO_IS_NULL=0[0m


Processing PagesController#index (for 127.0.0.1 at 2010-08-15 07:47:22) [GET]
Rendering template within layouts/application
Rendering pages/index
Completed in 44ms (View: 43, DB: 0) | 200 OK [http://localhost/]
  [4;36;1mSQL (0.2ms)[0m   [0;1mSET NAMES 'utf8'[0m
  [4;35;1mSQL (0.1ms)[0m   [0mSET SQL_AUTO_IS_NULL=0[0m


Processing RepositoriesController#index (for 127.0.0.1 at 2010-08-15 07:47:54) [GET]
  [4;36;1mSQL (0.4ms)[0m   [0;1mSHOW TABLES[0m
  [4;35;1mSQL (0.2ms)[0m   [0mSHOW TABLES[0m

NameError (undefined local variable or method `commits' for Repository(Table doesn't exist):Class):
  app/models/repository.rb:2
  app/controllers/repositories_controller.rb:6:in `index'

Rendered rescues/_trace (51.0ms)
Rendered rescues/_request_and_response (1.2ms)
Rendering rescues/layout (internal_server_error)
  [4;36;1mSQL (0.1ms)[0m   [0;1mSET NAMES 'utf8'[0m
  [4;35;1mSQL (0.1ms)[0m   [0mSET SQL_AUTO_IS_NULL=0[0m


Processing RepositoriesController#index (for 127.0.0.1 at 2010-08-15 07:48:44) [GET]
  [4;36;1mSQL (0.3ms)[0m   [0;1mSHOW TABLES[0m
  [4;35;1mSQL (0.2ms)[0m   [0mSHOW TABLES[0m

NameError (undefined local variable or method `commits' for Repository(Table doesn't exist):Class):
  app/models/repository.rb:2
  app/controllers/repositories_controller.rb:5:in `index'

Rendered rescues/_trace (45.4ms)
Rendered rescues/_request_and_response (0.3ms)
Rendering rescues/layout (internal_server_error)
  [4;36;1mSQL (0.1ms)[0m   [0;1mSET NAMES 'utf8'[0m
  [4;35;1mSQL (0.1ms)[0m   [0mSET SQL_AUTO_IS_NULL=0[0m
  [4;36;1mSQL (0.3ms)[0m   [0;1mSHOW TABLES[0m
  [4;35;1mSQL (66.8ms)[0m   [0mCREATE TABLE `schema_migrations` (`version` varchar(255) NOT NULL) ENGINE=InnoDB[0m
  [4;36;1mSQL (0.4ms)[0m   [0;1mSHOW KEYS FROM `schema_migrations`[0m
  [4;35;1mSQL (275.3ms)[0m   [0mCREATE UNIQUE INDEX `unique_schema_migrations` ON `schema_migrations` (`version`)[0m
  [4;36;1mSQL (0.3ms)[0m   [0;1mSHOW TABLES[0m
  [4;35;1mSQL (0.2ms)[0m   [0mSELECT version FROM schema_migrations[0m
Migrating to CreateRepositories (20100815143605)
  [4;36;1mSQL (115.4ms)[0m   [0;1mCREATE TABLE `repositories` (`id` int(11) DEFAULT NULL auto_increment PRIMARY KEY, `name` varchar(255), `url` varchar(255), `description` text, `homepage` varchar(255), `watchers` int(11), `forks` int(11), `privateflag` tinyint(1), `ownername` varchar(255), `owneremail` varchar(255), `created_at` datetime, `updated_at` datetime) ENGINE=InnoDB[0m
  [4;35;1mSQL (0.6ms)[0m   [0mINSERT INTO schema_migrations (version) VALUES ('20100815143605')[0m
Migrating to CreateCommits (20100815143939)
  [4;36;1mSQL (120.2ms)[0m   [0;1mCREATE TABLE `commits` (`id` int(11) DEFAULT NULL auto_increment PRIMARY KEY, `repository_id` int(11), `shaid` varchar(255), `url` varchar(255), `authorname` varchar(255), `authoremail` varchar(255), `message` text, `added` text, `removed` text, `modified` text, `committime` datetime, `created_at` datetime, `updated_at` datetime) ENGINE=InnoDB[0m
  [4;35;1mSQL (0.7ms)[0m   [0mINSERT INTO schema_migrations (version) VALUES ('20100815143939')[0m
  [4;36;1mSQL (0.4ms)[0m   [0;1mSHOW TABLES[0m
  [4;35;1mSQL (0.2ms)[0m   [0mSELECT version FROM schema_migrations[0m
  [4;36;1mSQL (0.2ms)[0m   [0;1mSHOW TABLES[0m
  [4;35;1mSQL (1.5ms)[0m   [0mSHOW FIELDS FROM `commits`[0m
  [4;36;1mSQL (2.0ms)[0m   [0;1mdescribe `commits`[0m
  [4;35;1mSQL (2.1ms)[0m   [0mSHOW KEYS FROM `commits`[0m
  [4;36;1mSQL (1.3ms)[0m   [0;1mSHOW FIELDS FROM `repositories`[0m
  [4;35;1mSQL (5.0ms)[0m   [0mdescribe `repositories`[0m
  [4;36;1mSQL (0.6ms)[0m   [0;1mSHOW KEYS FROM `repositories`[0m
  [4;36;1mSQL (0.1ms)[0m   [0;1mSET NAMES 'utf8'[0m
  [4;35;1mSQL (0.1ms)[0m   [0mSET SQL_AUTO_IS_NULL=0[0m


Processing RepositoriesController#index (for 127.0.0.1 at 2010-08-15 07:49:17) [GET]
  [4;36;1mSQL (0.4ms)[0m   [0;1mSHOW TABLES[0m
  [4;35;1mRepository Columns (1.6ms)[0m   [0mSHOW FIELDS FROM `repositories`[0m
  [4;36;1mSQL (0.2ms)[0m   [0;1mSHOW TABLES[0m
  [4;35;1mRepository Columns (1.1ms)[0m   [0mSHOW FIELDS FROM `repositories`[0m

NameError (undefined local variable or method `commits' for #<Class:0x10374a258>):
  app/models/repository.rb:2
  app/controllers/repositories_controller.rb:6:in `index'

Rendered rescues/_trace (44.9ms)
Rendered rescues/_request_and_response (1.1ms)
Rendering rescues/layout (internal_server_error)
  [4;36;1mSQL (0.1ms)[0m   [0;1mSET NAMES 'utf8'[0m
  [4;35;1mSQL (0.1ms)[0m   [0mSET SQL_AUTO_IS_NULL=0[0m


Processing RepositoriesController#index (for 127.0.0.1 at 2010-08-15 07:49:20) [GET]
  [4;36;1mSQL (0.4ms)[0m   [0;1mSHOW TABLES[0m
  [4;35;1mRepository Columns (1.3ms)[0m   [0mSHOW FIELDS FROM `repositories`[0m
  [4;36;1mSQL (0.2ms)[0m   [0;1mSHOW TABLES[0m
  [4;35;1mRepository Columns (1.1ms)[0m   [0mSHOW FIELDS FROM `repositories`[0m

NameError (undefined local variable or method `commits' for #<Class:0x1034c79e0>):
  app/models/repository.rb:2
  app/controllers/repositories_controller.rb:6:in `index'

Rendered rescues/_trace (114.9ms)
Rendered rescues/_request_and_response (0.3ms)
Rendering rescues/layout (internal_server_error)
  [4;36;1mSQL (0.1ms)[0m   [0;1mSET NAMES 'utf8'[0m
  [4;35;1mSQL (0.1ms)[0m   [0mSET SQL_AUTO_IS_NULL=0[0m


Processing RepositoriesController#index (for 127.0.0.1 at 2010-08-15 07:49:51) [GET]
  [4;36;1mRepository Load (0.4ms)[0m   [0;1mSELECT * FROM `repositories` ORDER BY created_at DESC LIMIT 0, 30[0m
Rendering template within layouts/application
Rendering repositories/index
Completed in 15ms (View: 11, DB: 1) | 200 OK [http://localhost/]
  [4;35;1mSQL (0.1ms)[0m   [0mSET NAMES 'utf8'[0m
  [4;36;1mSQL (0.1ms)[0m   [0;1mSET SQL_AUTO_IS_NULL=0[0m


Processing RepositoriesController#index (for 127.0.0.1 at 2010-08-15 07:54:34) [GET]
  [4;35;1mRepository Load (0.3ms)[0m   [0mSELECT * FROM `repositories` ORDER BY created_at DESC LIMIT 0, 30[0m
Rendering template within layouts/application
Rendering repositories/index
Completed in 10ms (View: 6, DB: 0) | 200 OK [http://localhost/]
